[2025-01-22 14:31:17] Server     INFO  Apache Jena Fuseki 4.6.1
[2025-01-22 14:31:17] Server     INFO  Configuration file: ../.fuseki.ttl
[2025-01-22 14:31:17] Server     INFO  Path = /tutorial2
[2025-01-22 14:31:17] Server     INFO  System
[2025-01-22 14:31:17] Server     INFO    Memory: 2.9 GiB
[2025-01-22 14:31:17] Server     INFO    Java:   17.0.13
[2025-01-22 14:31:17] Server     INFO    OS:     Windows 11 10.0 amd64
[2025-01-22 14:31:17] Server     INFO    PID:    37304
[2025-01-22 14:31:17] Server     INFO  Start Fuseki (http=3030)
[2025-01-24 08:24:36] Fuseki     INFO  [1] GET http://localhost:3030/tutorial2/sparql?query=select%20?g%20%7B%20graph%20?g%20%7B%20?o%20a%20%3Chttp://www.w3.org/2002/07/owl%23Ontology%3E%20%7D%20%7D
[2025-01-24 08:24:36] Fuseki     INFO  [1] Query = select ?g { graph ?g { ?o a <http://www.w3.org/2002/07/owl#Ontology> } }
[2025-01-24 08:24:36] Fuseki     INFO  [1] 200 OK (229 ms)
[2025-01-24 08:24:36] Fuseki     INFO  [2] PUT http://localhost:3030/tutorial2?graph=http://example.com/tutorial2/vocabulary/base
[2025-01-24 08:24:36] Fuseki     INFO  [3] PUT http://localhost:3030/tutorial2?graph=http://example.com/tutorial2/vocabulary/bundle
[2025-01-24 08:24:36] Fuseki     INFO  [4] PUT http://localhost:3030/tutorial2?graph=http://example.com/tutorial2/description/objectives
[2025-01-24 08:24:36] Fuseki     INFO  [5] PUT http://localhost:3030/tutorial2?graph=http://example.com/tutorial2/description/bundle
[2025-01-24 08:24:36] Fuseki     INFO  [6] PUT http://localhost:3030/tutorial2?graph=http://example.com/tutorial2/description/bundle/properties
[2025-01-24 08:24:36] Fuseki     INFO  [7] PUT http://localhost:3030/tutorial2?graph=http://example.com/tutorial2/description/bundle/classes
[2025-01-24 08:24:36] Fuseki     INFO  [8] PUT http://localhost:3030/tutorial2?graph=http://example.com/tutorial2/vocabulary/mission
[2025-01-24 08:24:36] Fuseki     INFO  [9] PUT http://localhost:3030/tutorial2?graph=http://example.com/tutorial2/description/bundle/individuals
[2025-01-24 08:24:36] Fuseki     INFO  [2] Body: Content-Length=11162, Content-Type=application/rdf+xml, Charset=null => RDF/XML : Count=85 Triples=85 Quads=0
[2025-01-24 08:24:36] Fuseki     INFO  [2] 201 Created (257 ms)
[2025-01-24 08:24:36] Fuseki     INFO  [3] Body: Content-Length=1925, Content-Type=application/rdf+xml, Charset=null => RDF/XML : Count=8 Triples=8 Quads=0
[2025-01-24 08:24:36] Fuseki     INFO  [3] 201 Created (272 ms)
[2025-01-24 08:24:36] Fuseki     INFO  [6] Body: Content-Length=2533, Content-Type=text/turtle, Charset=null => Turtle : Count=30 Triples=30 Quads=0
[2025-01-24 08:24:36] Fuseki     INFO  [6] 201 Created (297 ms)
[2025-01-24 08:24:36] Fuseki     INFO  [7] Body: Content-Length=2301, Content-Type=text/turtle, Charset=null => Turtle : Count=28 Triples=28 Quads=0
[2025-01-24 08:24:36] Fuseki     INFO  [7] 201 Created (311 ms)
[2025-01-24 08:24:36] Fuseki     INFO  [5] Body: Content-Length=1136, Content-Type=application/rdf+xml, Charset=null => RDF/XML : Count=6 Triples=6 Quads=0
[2025-01-24 08:24:36] Fuseki     INFO  [5] 201 Created (322 ms)
[2025-01-24 08:24:36] Fuseki     INFO  [8] Body: Content-Length=2559, Content-Type=application/rdf+xml, Charset=null => RDF/XML : Count=18 Triples=18 Quads=0
[2025-01-24 08:24:36] Fuseki     INFO  [8] 201 Created (332 ms)
[2025-01-24 08:24:36] Fuseki     INFO  [9] Body: Content-Length=7992, Content-Type=text/turtle, Charset=null => Turtle : Count=83 Triples=83 Quads=0
[2025-01-24 08:24:36] Fuseki     INFO  [9] 201 Created (382 ms)
[2025-01-24 08:24:36] Fuseki     INFO  [4] Body: Content-Length=7249, Content-Type=application/rdf+xml, Charset=null => RDF/XML : Count=50 Triples=50 Quads=0
[2025-01-24 08:24:36] Fuseki     INFO  [4] 201 Created (406 ms)
[2025-01-24 08:24:37] Fuseki     INFO  [10] GET http://localhost:3030/tutorial2/sparql?query=PREFIX%20%20mission:%20%3Chttp://example.com/tutorial2/vocabulary/mission%23%3E%0APREFIX%20%20base:%20%3Chttp://example.com/tutorial2/vocabulary/base%23%3E%0A%0ASELECT%20DISTINCT%20%20?o1_id%20?o1_name%20?o2_id%20?o2_name%0AWHERE%0A%20%20%7B%20?o1%20%20%20a%20%20%20%20%20%20%20%20%20%20%20%20%20%20%20%20%20%20%20%20%20mission:Objective%20%3B%0A%20%20%20%20%20%20%20%20%20%20base:hasIdentifier%20%20%20%20?o1_id%20%3B%0A%20%20%20%20%20%20%20%20%20%20base:hasCanonicalName%20%20?o1_name%20%3B%0A%20%20%20%20%20%20%20%20%20%20base:aggregates%20%20%20%20%20%20%20_:b0%20.%0A%20%20%20%20_:b0%20%20base:hasIdentifier%20%20%20%20?o2_id%20%3B%0A%20%20%20%20%20%20%20%20%20%20base:hasCanonicalName%20%20?o2_name%0A%20%20%7D%0AORDER%20BY%20?o1_id%20?o2_id%0A
[2025-01-24 08:24:37] Fuseki     INFO  [10] Query = PREFIX  mission: <http://example.com/tutorial2/vocabulary/mission#> PREFIX  base: <http://example.com/tutorial2/vocabulary/base#>  SELECT DISTINCT  ?o1_id ?o1_name ?o2_id ?o2_name WHERE   { ?o1   a                     mission:Objective ;           base:hasIdentifier    ?o1_id ;           base:hasCanonicalName  ?o1_name ;           base:aggregates       _:b0 .     _:b0  base:hasIdentifier    ?o2_id ;           base:hasCanonicalName  ?o2_name   } ORDER BY ?o1_id ?o2_id 
[2025-01-24 08:24:37] Fuseki     INFO  [10] 200 OK (81 ms)
[2025-01-24 08:48:36] Fuseki     INFO  [11] GET http://localhost:3030/tutorial2/sparql?query=select%20?g%20%7B%20graph%20?g%20%7B%20?o%20a%20%3Chttp://www.w3.org/2002/07/owl%23Ontology%3E%20%7D%20%7D
[2025-01-24 08:48:36] Fuseki     INFO  [11] Query = select ?g { graph ?g { ?o a <http://www.w3.org/2002/07/owl#Ontology> } }
[2025-01-24 08:48:36] Fuseki     INFO  [11] 200 OK (7 ms)
[2025-01-24 08:48:36] Fuseki     INFO  [12] PUT http://localhost:3030/tutorial2?graph=http://example.com/tutorial2/vocabulary/mission
[2025-01-24 08:48:36] Fuseki     INFO  [13] PUT http://localhost:3030/tutorial2?graph=http://example.com/tutorial2/description/bundle/properties
[2025-01-24 08:48:36] Fuseki     INFO  [14] PUT http://localhost:3030/tutorial2?graph=http://example.com/tutorial2/description/bundle/classes
[2025-01-24 08:48:36] Fuseki     INFO  [15] PUT http://localhost:3030/tutorial2?graph=http://example.com/tutorial2/description/bundle
[2025-01-24 08:48:36] Fuseki     INFO  [16] PUT http://localhost:3030/tutorial2?graph=http://example.com/tutorial2/description/bundle/individuals
[2025-01-24 08:48:36] Fuseki     INFO  [17] PUT http://localhost:3030/tutorial2?graph=http://example.com/tutorial2/vocabulary/bundle
[2025-01-24 08:48:36] Fuseki     INFO  [12] Body: Content-Length=9206, Content-Type=application/rdf+xml, Charset=null => RDF/XML : Count=74 Triples=74 Quads=0
[2025-01-24 08:48:36] Fuseki     INFO  [12] 200 OK (75 ms)
[2025-01-24 08:48:36] Fuseki     INFO  [13] Body: Content-Length=3291, Content-Type=text/turtle, Charset=null => Turtle : Count=38 Triples=38 Quads=0
[2025-01-24 08:48:36] Fuseki     INFO  [13] 200 OK (76 ms)
[2025-01-24 08:48:36] Fuseki     INFO  [14] Body: Content-Length=2928, Content-Type=text/turtle, Charset=null => Turtle : Count=35 Triples=35 Quads=0
[2025-01-24 08:48:36] Fuseki     INFO  [14] 200 OK (106 ms)
[2025-01-24 08:48:36] Fuseki     INFO  [15] Body: Content-Length=1224, Content-Type=application/rdf+xml, Charset=null => RDF/XML : Count=7 Triples=7 Quads=0
[2025-01-24 08:48:36] Fuseki     INFO  [15] 200 OK (119 ms)
[2025-01-24 08:48:36] Fuseki     INFO  [16] Body: Content-Length=10512, Content-Type=text/turtle, Charset=null => Turtle : Count=109 Triples=109 Quads=0
[2025-01-24 08:48:36] Fuseki     INFO  [16] 200 OK (154 ms)
[2025-01-24 08:48:36] Fuseki     INFO  [17] Body: Content-Length=3209, Content-Type=application/rdf+xml, Charset=null => RDF/XML : Count=19 Triples=19 Quads=0
[2025-01-24 08:48:36] Fuseki     INFO  [17] 200 OK (176 ms)
[2025-01-24 08:48:36] Fuseki     INFO  [18] GET http://localhost:3030/tutorial2/sparql?query=PREFIX%20%20mission:%20%3Chttp://example.com/tutorial2/vocabulary/mission%23%3E%0APREFIX%20%20base:%20%3Chttp://example.com/tutorial2/vocabulary/base%23%3E%0A%0ASELECT%20DISTINCT%20%20?m_id%20?m_name%20?o_id%20?o_name%0AWHERE%0A%20%20%7B%20?m%20%20%20%20a%20%20%20%20%20%20%20%20%20%20%20%20%20%20%20%20%20%20%20%20%20mission:Mission%20%3B%0A%20%20%20%20%20%20%20%20%20%20base:hasIdentifier%20%20%20%20?m_id%20%3B%0A%20%20%20%20%20%20%20%20%20%20base:hasCanonicalName%20%20?m_name%20%3B%0A%20%20%20%20%20%20%20%20%20%20mission:pursues%20%20%20%20%20%20%20_:b0%20.%0A%20%20%20%20_:b0%20%20a%20%20%20%20%20%20%20%20%20%20%20%20%20%20%20%20%20%20%20%20%20mission:Objective%20%3B%0A%20%20%20%20%20%20%20%20%20%20base:hasIdentifier%20%20%20%20?o_id%20%3B%0A%20%20%20%20%20%20%20%20%20%20base:hasCanonicalName%20%20?o_name%0A%20%20%7D%0AORDER%20BY%20?m_id%20?o_id%0A
[2025-01-24 08:48:36] Fuseki     INFO  [18] Query = PREFIX  mission: <http://example.com/tutorial2/vocabulary/mission#> PREFIX  base: <http://example.com/tutorial2/vocabulary/base#>  SELECT DISTINCT  ?m_id ?m_name ?o_id ?o_name WHERE   { ?m    a                     mission:Mission ;           base:hasIdentifier    ?m_id ;           base:hasCanonicalName  ?m_name ;           mission:pursues       _:b0 .     _:b0  a                     mission:Objective ;           base:hasIdentifier    ?o_id ;           base:hasCanonicalName  ?o_name   } ORDER BY ?m_id ?o_id 
[2025-01-24 08:48:36] Fuseki     INFO  [19] GET http://localhost:3030/tutorial2/sparql?query=PREFIX%20%20mission:%20%3Chttp://example.com/tutorial2/vocabulary/mission%23%3E%0APREFIX%20%20base:%20%3Chttp://example.com/tutorial2/vocabulary/base%23%3E%0A%0ASELECT%20DISTINCT%20%20?o1_id%20?o1_name%20?o2_id%20?o2_name%0AWHERE%0A%20%20%7B%20?o1%20%20%20a%20%20%20%20%20%20%20%20%20%20%20%20%20%20%20%20%20%20%20%20%20mission:Objective%20%3B%0A%20%20%20%20%20%20%20%20%20%20base:hasIdentifier%20%20%20%20?o1_id%20%3B%0A%20%20%20%20%20%20%20%20%20%20base:hasCanonicalName%20%20?o1_name%20%3B%0A%20%20%20%20%20%20%20%20%20%20base:aggregates%20%20%20%20%20%20%20_:b0%20.%0A%20%20%20%20_:b0%20%20base:hasIdentifier%20%20%20%20?o2_id%20%3B%0A%20%20%20%20%20%20%20%20%20%20base:hasCanonicalName%20%20?o2_name%0A%20%20%7D%0AORDER%20BY%20?o1_id%20?o2_id%0A
[2025-01-24 08:48:36] Fuseki     INFO  [19] Query = PREFIX  mission: <http://example.com/tutorial2/vocabulary/mission#> PREFIX  base: <http://example.com/tutorial2/vocabulary/base#>  SELECT DISTINCT  ?o1_id ?o1_name ?o2_id ?o2_name WHERE   { ?o1   a                     mission:Objective ;           base:hasIdentifier    ?o1_id ;           base:hasCanonicalName  ?o1_name ;           base:aggregates       _:b0 .     _:b0  base:hasIdentifier    ?o2_id ;           base:hasCanonicalName  ?o2_name   } ORDER BY ?o1_id ?o2_id 
[2025-01-24 08:48:36] Fuseki     INFO  [18] 200 OK (15 ms)
[2025-01-24 08:48:36] Fuseki     INFO  [19] 200 OK (12 ms)
[2025-01-24 08:49:32] Fuseki     INFO  [20] GET http://localhost:3030/tutorial2/sparql?query=PREFIX%20%20mission:%20%3Chttp://example.com/tutorial2/vocabulary/mission%23%3E%0APREFIX%20%20base:%20%3Chttp://example.com/tutorial2/vocabulary/base%23%3E%0A%0ASELECT%20DISTINCT%20%20?m_id%20?m_name%20?o_id%20?o_name%0AWHERE%0A%20%20%7B%20?m%20%20%20%20a%20%20%20%20%20%20%20%20%20%20%20%20%20%20%20%20%20%20%20%20%20mission:Mission%20%3B%0A%20%20%20%20%20%20%20%20%20%20base:hasIdentifier%20%20%20%20?m_id%20%3B%0A%20%20%20%20%20%20%20%20%20%20base:hasCanonicalName%20%20?m_name%20%3B%0A%20%20%20%20%20%20%20%20%20%20mission:pursues%20%20%20%20%20%20%20_:b0%20.%0A%20%20%20%20_:b0%20%20a%20%20%20%20%20%20%20%20%20%20%20%20%20%20%20%20%20%20%20%20%20mission:Objective%20%3B%0A%20%20%20%20%20%20%20%20%20%20base:hasIdentifier%20%20%20%20?o_id%20%3B%0A%20%20%20%20%20%20%20%20%20%20base:hasCanonicalName%20%20?o_name%0A%20%20%7D%0AORDER%20BY%20?m_id%20?o_id%0A
[2025-01-24 08:49:32] Fuseki     INFO  [20] Query = PREFIX  mission: <http://example.com/tutorial2/vocabulary/mission#> PREFIX  base: <http://example.com/tutorial2/vocabulary/base#>  SELECT DISTINCT  ?m_id ?m_name ?o_id ?o_name WHERE   { ?m    a                     mission:Mission ;           base:hasIdentifier    ?m_id ;           base:hasCanonicalName  ?m_name ;           mission:pursues       _:b0 .     _:b0  a                     mission:Objective ;           base:hasIdentifier    ?o_id ;           base:hasCanonicalName  ?o_name   } ORDER BY ?m_id ?o_id 
[2025-01-24 08:49:32] Fuseki     INFO  [21] GET http://localhost:3030/tutorial2/sparql?query=PREFIX%20%20mission:%20%3Chttp://example.com/tutorial2/vocabulary/mission%23%3E%0APREFIX%20%20base:%20%3Chttp://example.com/tutorial2/vocabulary/base%23%3E%0A%0ASELECT%20DISTINCT%20%20?o1_id%20?o1_name%20?o2_id%20?o2_name%0AWHERE%0A%20%20%7B%20?o1%20%20%20a%20%20%20%20%20%20%20%20%20%20%20%20%20%20%20%20%20%20%20%20%20mission:Objective%20%3B%0A%20%20%20%20%20%20%20%20%20%20base:hasIdentifier%20%20%20%20?o1_id%20%3B%0A%20%20%20%20%20%20%20%20%20%20base:hasCanonicalName%20%20?o1_name%20%3B%0A%20%20%20%20%20%20%20%20%20%20base:aggregates%20%20%20%20%20%20%20_:b0%20.%0A%20%20%20%20_:b0%20%20base:hasIdentifier%20%20%20%20?o2_id%20%3B%0A%20%20%20%20%20%20%20%20%20%20base:hasCanonicalName%20%20?o2_name%0A%20%20%7D%0AORDER%20BY%20?o1_id%20?o2_id%0A
[2025-01-24 08:49:32] Fuseki     INFO  [21] Query = PREFIX  mission: <http://example.com/tutorial2/vocabulary/mission#> PREFIX  base: <http://example.com/tutorial2/vocabulary/base#>  SELECT DISTINCT  ?o1_id ?o1_name ?o2_id ?o2_name WHERE   { ?o1   a                     mission:Objective ;           base:hasIdentifier    ?o1_id ;           base:hasCanonicalName  ?o1_name ;           base:aggregates       _:b0 .     _:b0  base:hasIdentifier    ?o2_id ;           base:hasCanonicalName  ?o2_name   } ORDER BY ?o1_id ?o2_id 
[2025-01-24 08:49:32] Fuseki     INFO  [21] 200 OK (10 ms)
[2025-01-24 08:49:32] Fuseki     INFO  [20] 200 OK (12 ms)
[2025-01-24 09:29:40] Fuseki     INFO  [22] GET http://localhost:3030/tutorial2/sparql?query=select%20?g%20%7B%20graph%20?g%20%7B%20?o%20a%20%3Chttp://www.w3.org/2002/07/owl%23Ontology%3E%20%7D%20%7D
[2025-01-24 09:29:40] Fuseki     INFO  [22] Query = select ?g { graph ?g { ?o a <http://www.w3.org/2002/07/owl#Ontology> } }
[2025-01-24 09:29:40] Fuseki     INFO  [22] 200 OK (7 ms)
[2025-01-24 09:29:40] Fuseki     INFO  [23] PUT http://localhost:3030/tutorial2?graph=http://example.com/tutorial2/description/objectives
[2025-01-24 09:29:40] Fuseki     INFO  [24] PUT http://localhost:3030/tutorial2?graph=http://example.com/tutorial2/description/bundle
[2025-01-24 09:29:40] Fuseki     INFO  [25] PUT http://localhost:3030/tutorial2?graph=http://example.com/tutorial2/description/bundle/classes
[2025-01-24 09:29:40] Fuseki     INFO  [26] PUT http://localhost:3030/tutorial2?graph=http://example.com/tutorial2/vocabulary/mission
[2025-01-24 09:29:40] Fuseki     INFO  [27] PUT http://localhost:3030/tutorial2?graph=http://example.com/tutorial2/vocabulary/base
[2025-01-24 09:29:40] Fuseki     INFO  [28] PUT http://localhost:3030/tutorial2?graph=http://example.com/tutorial2/description/bundle/properties
[2025-01-24 09:29:40] Fuseki     INFO  [29] PUT http://localhost:3030/tutorial2?graph=http://example.com/tutorial2/description/bundle/individuals
[2025-01-24 09:29:40] Fuseki     INFO  [30] PUT http://localhost:3030/tutorial2?graph=http://example.com/tutorial2/vocabulary/bundle
[2025-01-24 09:29:40] Fuseki     INFO  [23] Body: Content-Length=7249, Content-Type=application/rdf+xml, Charset=null => RDF/XML : Count=50 Triples=50 Quads=0
[2025-01-24 09:29:40] Fuseki     INFO  [23] 200 OK (36 ms)
[2025-01-24 09:29:40] Fuseki     INFO  [24] Body: Content-Length=1500, Content-Type=application/rdf+xml, Charset=null => RDF/XML : Count=9 Triples=9 Quads=0
[2025-01-24 09:29:40] Fuseki     INFO  [24] 200 OK (39 ms)
[2025-01-24 09:29:40] Fuseki     INFO  [25] Body: Content-Length=23285, Content-Type=text/turtle, Charset=null => Turtle : Count=341 Triples=341 Quads=0
[2025-01-24 09:29:40] Fuseki     INFO  [25] 200 OK (90 ms)
[2025-01-24 09:29:40] Fuseki     INFO  [26] Body: Content-Length=15733, Content-Type=application/rdf+xml, Charset=null => RDF/XML : Count=137 Triples=137 Quads=0
[2025-01-24 09:29:40] Fuseki     INFO  [26] 200 OK (125 ms)
[2025-01-24 09:29:40] Fuseki     INFO  [27] Body: Content-Length=16985, Content-Type=application/rdf+xml, Charset=null => RDF/XML : Count=139 Triples=139 Quads=0
[2025-01-24 09:29:40] Fuseki     INFO  [27] 200 OK (169 ms)
[2025-01-24 09:29:40] Fuseki     INFO  [28] Body: Content-Length=17296, Content-Type=text/turtle, Charset=null => Turtle : Count=228 Triples=228 Quads=0
[2025-01-24 09:29:40] Fuseki     INFO  [28] 200 OK (196 ms)
[2025-01-24 09:29:40] Fuseki     INFO  [29] Body: Content-Length=63997, Content-Type=text/turtle, Charset=null => Turtle : Count=800 Triples=800 Quads=0
[2025-01-24 09:29:40] Fuseki     INFO  [29] 200 OK (264 ms)
[2025-01-24 09:29:40] Fuseki     INFO  [30] Body: Content-Length=25342, Content-Type=application/rdf+xml, Charset=null => RDF/XML : Count=227 Triples=227 Quads=0
[2025-01-24 09:29:40] Fuseki     INFO  [30] 200 OK (306 ms)
[2025-01-24 09:29:40] Fuseki     INFO  [31] GET http://localhost:3030/tutorial2/sparql?query=PREFIX%20%20mission:%20%3Chttp://example.com/tutorial2/vocabulary/mission%23%3E%0APREFIX%20%20vim4:%20%3Chttp://bipm.org/jcgm/vim4%23%3E%0APREFIX%20%20base:%20%3Chttp://example.com/tutorial2/vocabulary/base%23%3E%0A%0ASELECT%20DISTINCT%20%20?c1_id%20?c1_name%20?c1_mass%20?c2_id%20?c2_name%0AWHERE%0A%20%20%7B%20?c1%20%20a%20%20%20%20%20%20%20%20%20%20%20%20%20%20%20%20%20%20%20%20%20mission:Component%20%3B%0A%20%20%20%20%20%20%20%20%20base:hasIdentifier%20%20%20%20?c1_id%20%3B%0A%20%20%20%20%20%20%20%20%20base:hasCanonicalName%20%20?c1_name%0A%20%20%20%20OPTIONAL%0A%20%20%20%20%20%20%7B%20?c1%20%20base:isContainedIn%20%20%20%20?c2%20.%0A%20%20%20%20%20%20%20%20?c2%20%20base:hasIdentifier%20%20%20%20?c2_id%20%3B%0A%20%20%20%20%20%20%20%20%20%20%20%20%20base:hasCanonicalName%20%20?c2_name%0A%20%20%20%20%20%20%7D%0A%20%20%20%20OPTIONAL%0A%20%20%20%20%20%20%7B%20?c1_mass_mag%20%20vim4:characterizes%20%20?c1%20%3B%0A%20%20%20%20%20%20%20%20%20%20%20%20%20%20%20%20%20%20vim4:hasDoubleNumber%20%20?c1_mass%0A%20%20%20%20%20%20%7D%0A%20%20%7D%0AORDER%20BY%20?c1_id%20?c2_id%0A
[2025-01-24 09:29:40] Fuseki     INFO  [31] Query = PREFIX  mission: <http://example.com/tutorial2/vocabulary/mission#> PREFIX  vim4: <http://bipm.org/jcgm/vim4#> PREFIX  base: <http://example.com/tutorial2/vocabulary/base#>  SELECT DISTINCT  ?c1_id ?c1_name ?c1_mass ?c2_id ?c2_name WHERE   { ?c1  a                     mission:Component ;          base:hasIdentifier    ?c1_id ;          base:hasCanonicalName  ?c1_name     OPTIONAL       { ?c1  base:isContainedIn    ?c2 .         ?c2  base:hasIdentifier    ?c2_id ;              base:hasCanonicalName  ?c2_name       }     OPTIONAL       { ?c1_mass_mag  vim4:characterizes  ?c1 ;                   vim4:hasDoubleNumber  ?c1_mass       }   } ORDER BY ?c1_id ?c2_id 
[2025-01-24 09:29:40] Fuseki     INFO  [32] GET http://localhost:3030/tutorial2/sparql?query=PREFIX%20%20mission:%20%3Chttp://example.com/tutorial2/vocabulary/mission%23%3E%0APREFIX%20%20base:%20%3Chttp://example.com/tutorial2/vocabulary/base%23%3E%0A%0ASELECT%20DISTINCT%20%20?o1_id%20?o1_name%20?o2_id%20?o2_name%0AWHERE%0A%20%20%7B%20?o1%20%20%20a%20%20%20%20%20%20%20%20%20%20%20%20%20%20%20%20%20%20%20%20%20mission:Objective%20%3B%0A%20%20%20%20%20%20%20%20%20%20base:hasIdentifier%20%20%20%20?o1_id%20%3B%0A%20%20%20%20%20%20%20%20%20%20base:hasCanonicalName%20%20?o1_name%20%3B%0A%20%20%20%20%20%20%20%20%20%20base:aggregates%20%20%20%20%20%20%20_:b0%20.%0A%20%20%20%20_:b0%20%20base:hasIdentifier%20%20%20%20?o2_id%20%3B%0A%20%20%20%20%20%20%20%20%20%20base:hasCanonicalName%20%20?o2_name%0A%20%20%7D%0AORDER%20BY%20?o1_id%20?o2_id%0A
[2025-01-24 09:29:40] Fuseki     INFO  [32] Query = PREFIX  mission: <http://example.com/tutorial2/vocabulary/mission#> PREFIX  base: <http://example.com/tutorial2/vocabulary/base#>  SELECT DISTINCT  ?o1_id ?o1_name ?o2_id ?o2_name WHERE   { ?o1   a                     mission:Objective ;           base:hasIdentifier    ?o1_id ;           base:hasCanonicalName  ?o1_name ;           base:aggregates       _:b0 .     _:b0  base:hasIdentifier    ?o2_id ;           base:hasCanonicalName  ?o2_name   } ORDER BY ?o1_id ?o2_id 
[2025-01-24 09:29:40] Fuseki     INFO  [33] GET http://localhost:3030/tutorial2/sparql?query=PREFIX%20%20mission:%20%3Chttp://example.com/tutorial2/vocabulary/mission%23%3E%0APREFIX%20%20base:%20%3Chttp://example.com/tutorial2/vocabulary/base%23%3E%0A%0ASELECT%20DISTINCT%20%20?m_id%20?m_name%20?o_id%20?o_name%0AWHERE%0A%20%20%7B%20?m%20%20%20%20a%20%20%20%20%20%20%20%20%20%20%20%20%20%20%20%20%20%20%20%20%20mission:Mission%20%3B%0A%20%20%20%20%20%20%20%20%20%20base:hasIdentifier%20%20%20%20?m_id%20%3B%0A%20%20%20%20%20%20%20%20%20%20base:hasCanonicalName%20%20?m_name%20%3B%0A%20%20%20%20%20%20%20%20%20%20mission:pursues%20%20%20%20%20%20%20_:b0%20.%0A%20%20%20%20_:b0%20%20a%20%20%20%20%20%20%20%20%20%20%20%20%20%20%20%20%20%20%20%20%20mission:Objective%20%3B%0A%20%20%20%20%20%20%20%20%20%20base:hasIdentifier%20%20%20%20?o_id%20%3B%0A%20%20%20%20%20%20%20%20%20%20base:hasCanonicalName%20%20?o_name%0A%20%20%7D%0AORDER%20BY%20?m_id%20?o_id%0A
[2025-01-24 09:29:40] Fuseki     INFO  [33] Query = PREFIX  mission: <http://example.com/tutorial2/vocabulary/mission#> PREFIX  base: <http://example.com/tutorial2/vocabulary/base#>  SELECT DISTINCT  ?m_id ?m_name ?o_id ?o_name WHERE   { ?m    a                     mission:Mission ;           base:hasIdentifier    ?m_id ;           base:hasCanonicalName  ?m_name ;           mission:pursues       _:b0 .     _:b0  a                     mission:Objective ;           base:hasIdentifier    ?o_id ;           base:hasCanonicalName  ?o_name   } ORDER BY ?m_id ?o_id 
[2025-01-24 09:29:40] Fuseki     INFO  [33] 200 OK (10 ms)
[2025-01-24 09:29:40] Fuseki     INFO  [32] 200 OK (20 ms)
[2025-01-24 09:29:40] Fuseki     INFO  [31] 200 OK (58 ms)
[2025-01-24 10:17:08] Fuseki     INFO  [34] GET http://localhost:3030/tutorial2/sparql?query=select%20?g%20%7B%20graph%20?g%20%7B%20?o%20a%20%3Chttp://www.w3.org/2002/07/owl%23Ontology%3E%20%7D%20%7D
[2025-01-24 10:17:08] Fuseki     INFO  [34] Query = select ?g { graph ?g { ?o a <http://www.w3.org/2002/07/owl#Ontology> } }
[2025-01-24 10:17:08] Fuseki     INFO  [34] 200 OK (6 ms)
[2025-01-24 10:17:08] Fuseki     INFO  [35] PUT http://localhost:3030/tutorial2?graph=http://example.com/tutorial2/description/bundle
[2025-01-24 10:17:08] Fuseki     INFO  [36] PUT http://localhost:3030/tutorial2?graph=http://example.com/tutorial2/description/bundle/properties
[2025-01-24 10:17:08] Fuseki     INFO  [37] PUT http://localhost:3030/tutorial2?graph=http://example.com/tutorial2/description/objectives
[2025-01-24 10:17:08] Fuseki     INFO  [35] Body: Content-Length=1682, Content-Type=application/rdf+xml, Charset=null => RDF/XML : Count=11 Triples=11 Quads=0
[2025-01-24 10:17:08] Fuseki     INFO  [35] 200 OK (21 ms)
[2025-01-24 10:17:08] Fuseki     INFO  [38] PUT http://localhost:3030/tutorial2?graph=http://example.com/tutorial2/vocabulary/bundle
[2025-01-24 10:17:08] Fuseki     INFO  [39] PUT http://localhost:3030/tutorial2?graph=http://example.com/tutorial2/description/bundle/classes
[2025-01-24 10:17:08] Fuseki     INFO  [40] PUT http://localhost:3030/tutorial2?graph=http://example.com/tutorial2/vocabulary/base
[2025-01-24 10:17:08] Fuseki     INFO  [41] PUT http://localhost:3030/tutorial2?graph=http://example.com/tutorial2/vocabulary/mission
[2025-01-24 10:17:08] Fuseki     INFO  [42] PUT http://localhost:3030/tutorial2?graph=http://example.com/tutorial2/description/bundle/individuals
[2025-01-24 10:17:08] Fuseki     INFO  [36] Body: Content-Length=19052, Content-Type=text/turtle, Charset=null => Turtle : Count=249 Triples=249 Quads=0
[2025-01-24 10:17:08] Fuseki     INFO  [36] 200 OK (46 ms)
[2025-01-24 10:17:09] Fuseki     INFO  [37] Body: Content-Length=7249, Content-Type=application/rdf+xml, Charset=null => RDF/XML : Count=50 Triples=50 Quads=0
[2025-01-24 10:17:09] Fuseki     INFO  [37] 200 OK (63 ms)
[2025-01-24 10:17:09] Fuseki     INFO  [38] Body: Content-Length=26841, Content-Type=application/rdf+xml, Charset=null => RDF/XML : Count=239 Triples=239 Quads=0
[2025-01-24 10:17:09] Fuseki     INFO  [38] 200 OK (94 ms)
[2025-01-24 10:17:09] Fuseki     INFO  [39] Body: Content-Length=24940, Content-Type=text/turtle, Charset=null => Turtle : Count=362 Triples=362 Quads=0
[2025-01-24 10:17:09] Fuseki     INFO  [39] 200 OK (127 ms)
[2025-01-24 10:17:09] Fuseki     INFO  [40] Body: Content-Length=16985, Content-Type=application/rdf+xml, Charset=null => RDF/XML : Count=139 Triples=139 Quads=0
[2025-01-24 10:17:09] Fuseki     INFO  [40] 200 OK (149 ms)
[2025-01-24 10:17:09] Fuseki     INFO  [41] Body: Content-Length=28080, Content-Type=application/rdf+xml, Charset=null => RDF/XML : Count=252 Triples=252 Quads=0
[2025-01-24 10:17:09] Fuseki     INFO  [41] 200 OK (192 ms)
[2025-01-24 10:17:09] Fuseki     INFO  [42] Body: Content-Length=74573, Content-Type=text/turtle, Charset=null => Turtle : Count=897 Triples=897 Quads=0
[2025-01-24 10:17:09] Fuseki     INFO  [42] 200 OK (250 ms)
[2025-01-24 10:17:09] Fuseki     INFO  [43] GET http://localhost:3030/tutorial2/sparql?query=PREFIX%20%20mission:%20%3Chttp://example.com/tutorial2/vocabulary/mission%23%3E%0APREFIX%20%20rdfs:%20%3Chttp://www.w3.org/2000/01/rdf-schema%23%3E%0APREFIX%20%20base:%20%3Chttp://example.com/tutorial2/vocabulary/base%23%3E%0APREFIX%20%20oml:%20%20%3Chttp://opencaesar.io/oml%23%3E%0A%0ASELECT%20DISTINCT%20%20?r_id%20?c_name%20?i_name%0AWHERE%0A%20%20%7B%20?r%20%20%20%20a%20%20%20%20%20%20%20%20%20%20%20%20%20%20%20%20%20%20%20%20%20mission:Requirement%20%3B%0A%20%20%20%20%20%20%20%20%20%20base:hasIdentifier%20%20%20%20?r_id%20%3B%0A%20%20%20%20%20%20%20%20%20%20mission:specifies%20%20%20%20%20_:b0%20.%0A%20%20%20%20_:b0%20%20a%20%20%20%20%20%20%20%20%20%20%20%20%20%20%20%20%20%20%20%20%20mission:Presents%20%3B%0A%20%20%20%20%20%20%20%20%20%20oml:hasSource%20%20%20%20%20%20%20%20%20_:b1%20.%0A%20%20%20%20_:b1%20%20base:hasCanonicalName%20%20?c_name%20.%0A%20%20%20%20_:b0%20%20oml:hasTarget%20%20%20%20%20%20%20%20%20_:b2%20.%0A%20%20%20%20_:b2%20%20base:hasCanonicalName%20%20?i_name%0A%20%20%7D%0AORDER%20BY%20?r_id%20?c_name%20?i_name%0A
[2025-01-24 10:17:09] Fuseki     INFO  [43] Query = PREFIX  mission: <http://example.com/tutorial2/vocabulary/mission#> PREFIX  rdfs: <http://www.w3.org/2000/01/rdf-schema#> PREFIX  base: <http://example.com/tutorial2/vocabulary/base#> PREFIX  oml:  <http://opencaesar.io/oml#>  SELECT DISTINCT  ?r_id ?c_name ?i_name WHERE   { ?r    a                     mission:Requirement ;           base:hasIdentifier    ?r_id ;           mission:specifies     _:b0 .     _:b0  a                     mission:Presents ;           oml:hasSource         _:b1 .     _:b1  base:hasCanonicalName  ?c_name .     _:b0  oml:hasTarget         _:b2 .     _:b2  base:hasCanonicalName  ?i_name   } ORDER BY ?r_id ?c_name ?i_name 
[2025-01-24 10:17:09] Fuseki     INFO  [44] GET http://localhost:3030/tutorial2/sparql?query=PREFIX%20%20mission:%20%3Chttp://example.com/tutorial2/vocabulary/mission%23%3E%0APREFIX%20%20base:%20%3Chttp://example.com/tutorial2/vocabulary/base%23%3E%0A%0ASELECT%20DISTINCT%20%20?o1_id%20?o1_name%20?o2_id%20?o2_name%0AWHERE%0A%20%20%7B%20?o1%20%20%20a%20%20%20%20%20%20%20%20%20%20%20%20%20%20%20%20%20%20%20%20%20mission:Objective%20%3B%0A%20%20%20%20%20%20%20%20%20%20base:hasIdentifier%20%20%20%20?o1_id%20%3B%0A%20%20%20%20%20%20%20%20%20%20base:hasCanonicalName%20%20?o1_name%20%3B%0A%20%20%20%20%20%20%20%20%20%20base:aggregates%20%20%20%20%20%20%20_:b0%20.%0A%20%20%20%20_:b0%20%20base:hasIdentifier%20%20%20%20?o2_id%20%3B%0A%20%20%20%20%20%20%20%20%20%20base:hasCanonicalName%20%20?o2_name%0A%20%20%7D%0AORDER%20BY%20?o1_id%20?o2_id%0A
[2025-01-24 10:17:09] Fuseki     INFO  [44] Query = PREFIX  mission: <http://example.com/tutorial2/vocabulary/mission#> PREFIX  base: <http://example.com/tutorial2/vocabulary/base#>  SELECT DISTINCT  ?o1_id ?o1_name ?o2_id ?o2_name WHERE   { ?o1   a                     mission:Objective ;           base:hasIdentifier    ?o1_id ;           base:hasCanonicalName  ?o1_name ;           base:aggregates       _:b0 .     _:b0  base:hasIdentifier    ?o2_id ;           base:hasCanonicalName  ?o2_name   } ORDER BY ?o1_id ?o2_id 
[2025-01-24 10:17:09] Fuseki     INFO  [45] GET http://localhost:3030/tutorial2/sparql?query=PREFIX%20%20mission:%20%3Chttp://example.com/tutorial2/vocabulary/mission%23%3E%0APREFIX%20%20base:%20%3Chttp://example.com/tutorial2/vocabulary/base%23%3E%0A%0ASELECT%20DISTINCT%20%20?m_id%20?m_name%20?o_id%20?o_name%0AWHERE%0A%20%20%7B%20?m%20%20%20%20a%20%20%20%20%20%20%20%20%20%20%20%20%20%20%20%20%20%20%20%20%20mission:Mission%20%3B%0A%20%20%20%20%20%20%20%20%20%20base:hasIdentifier%20%20%20%20?m_id%20%3B%0A%20%20%20%20%20%20%20%20%20%20base:hasCanonicalName%20%20?m_name%20%3B%0A%20%20%20%20%20%20%20%20%20%20mission:pursues%20%20%20%20%20%20%20_:b0%20.%0A%20%20%20%20_:b0%20%20a%20%20%20%20%20%20%20%20%20%20%20%20%20%20%20%20%20%20%20%20%20mission:Objective%20%3B%0A%20%20%20%20%20%20%20%20%20%20base:hasIdentifier%20%20%20%20?o_id%20%3B%0A%20%20%20%20%20%20%20%20%20%20base:hasCanonicalName%20%20?o_name%0A%20%20%7D%0AORDER%20BY%20?m_id%20?o_id%0A
[2025-01-24 10:17:09] Fuseki     INFO  [45] Query = PREFIX  mission: <http://example.com/tutorial2/vocabulary/mission#> PREFIX  base: <http://example.com/tutorial2/vocabulary/base#>  SELECT DISTINCT  ?m_id ?m_name ?o_id ?o_name WHERE   { ?m    a                     mission:Mission ;           base:hasIdentifier    ?m_id ;           base:hasCanonicalName  ?m_name ;           mission:pursues       _:b0 .     _:b0  a                     mission:Objective ;           base:hasIdentifier    ?o_id ;           base:hasCanonicalName  ?o_name   } ORDER BY ?m_id ?o_id 
[2025-01-24 10:17:09] Fuseki     INFO  [43] 200 OK (20 ms)
[2025-01-24 10:17:09] Fuseki     INFO  [45] 200 OK (15 ms)
[2025-01-24 10:17:09] Fuseki     INFO  [44] 200 OK (17 ms)
[2025-01-24 10:17:09] Fuseki     INFO  [46] GET http://localhost:3030/tutorial2/sparql?query=PREFIX%20%20mission:%20%3Chttp://example.com/tutorial2/vocabulary/mission%23%3E%0APREFIX%20%20vim4:%20%3Chttp://bipm.org/jcgm/vim4%23%3E%0APREFIX%20%20base:%20%3Chttp://example.com/tutorial2/vocabulary/base%23%3E%0A%0ASELECT%20DISTINCT%20%20?c1_id%20?c1_name%20?c1_mass%20?c2_id%20?c2_name%0AWHERE%0A%20%20%7B%20?c1%20%20a%20%20%20%20%20%20%20%20%20%20%20%20%20%20%20%20%20%20%20%20%20mission:Component%20%3B%0A%20%20%20%20%20%20%20%20%20base:hasIdentifier%20%20%20%20?c1_id%20%3B%0A%20%20%20%20%20%20%20%20%20base:hasCanonicalName%20%20?c1_name%0A%20%20%20%20OPTIONAL%0A%20%20%20%20%20%20%7B%20?c1%20%20base:isContainedIn%20%20%20%20?c2%20.%0A%20%20%20%20%20%20%20%20?c2%20%20base:hasIdentifier%20%20%20%20?c2_id%20%3B%0A%20%20%20%20%20%20%20%20%20%20%20%20%20base:hasCanonicalName%20%20?c2_name%0A%20%20%20%20%20%20%7D%0A%20%20%20%20OPTIONAL%0A%20%20%20%20%20%20%7B%20?c1_mass_mag%20%20vim4:characterizes%20%20?c1%20%3B%0A%20%20%20%20%20%20%20%20%20%20%20%20%20%20%20%20%20%20vim4:hasDoubleNumber%20%20?c1_mass%0A%20%20%20%20%20%20%7D%0A%20%20%7D%0AORDER%20BY%20?c1_id%20?c2_id%0A
[2025-01-24 10:17:09] Fuseki     INFO  [46] Query = PREFIX  mission: <http://example.com/tutorial2/vocabulary/mission#> PREFIX  vim4: <http://bipm.org/jcgm/vim4#> PREFIX  base: <http://example.com/tutorial2/vocabulary/base#>  SELECT DISTINCT  ?c1_id ?c1_name ?c1_mass ?c2_id ?c2_name WHERE   { ?c1  a                     mission:Component ;          base:hasIdentifier    ?c1_id ;          base:hasCanonicalName  ?c1_name     OPTIONAL       { ?c1  base:isContainedIn    ?c2 .         ?c2  base:hasIdentifier    ?c2_id ;              base:hasCanonicalName  ?c2_name       }     OPTIONAL       { ?c1_mass_mag  vim4:characterizes  ?c1 ;                   vim4:hasDoubleNumber  ?c1_mass       }   } ORDER BY ?c1_id ?c2_id 
[2025-01-24 10:17:09] Fuseki     INFO  [46] 200 OK (21 ms)
[2025-01-24 10:30:09] Fuseki     INFO  [47] GET http://localhost:3030/tutorial2/sparql?query=select%20?g%20%7B%20graph%20?g%20%7B%20?o%20a%20%3Chttp://www.w3.org/2002/07/owl%23Ontology%3E%20%7D%20%7D
[2025-01-24 10:30:09] Fuseki     INFO  [47] Query = select ?g { graph ?g { ?o a <http://www.w3.org/2002/07/owl#Ontology> } }
[2025-01-24 10:30:09] Fuseki     INFO  [47] 200 OK (4 ms)
[2025-01-24 10:30:09] Fuseki     INFO  [48] PUT http://localhost:3030/tutorial2?graph=http://example.com/tutorial2/description/bundle/individuals
[2025-01-24 10:30:09] Fuseki     INFO  [49] PUT http://localhost:3030/tutorial2?graph=http://example.com/tutorial2/vocabulary/base
[2025-01-24 10:30:10] Fuseki     INFO  [50] PUT http://localhost:3030/tutorial2?graph=http://example.com/tutorial2/description/bundle/classes
[2025-01-24 10:30:10] Fuseki     INFO  [51] PUT http://localhost:3030/tutorial2?graph=http://example.com/tutorial2/vocabulary/mission
[2025-01-24 10:30:10] Fuseki     INFO  [52] PUT http://localhost:3030/tutorial2?graph=http://example.com/tutorial2/description/bundle
[2025-01-24 10:30:10] Fuseki     INFO  [53] PUT http://localhost:3030/tutorial2?graph=http://example.com/tutorial2/description/bundle/properties
[2025-01-24 10:30:10] Fuseki     INFO  [48] Body: Content-Length=77864, Content-Type=text/turtle, Charset=null => Turtle : Count=925 Triples=925 Quads=0
[2025-01-24 10:30:10] Fuseki     INFO  [48] 200 OK (167 ms)
[2025-01-24 10:30:10] Fuseki     INFO  [54] PUT http://localhost:3030/tutorial2?graph=http://example.com/tutorial2/description/objectives
[2025-01-24 10:30:10] Fuseki     INFO  [55] PUT http://localhost:3030/tutorial2?graph=http://example.com/tutorial2/vocabulary/bundle
[2025-01-24 10:30:10] Fuseki     INFO  [49] Body: Content-Length=16985, Content-Type=application/rdf+xml, Charset=null => RDF/XML : Count=139 Triples=139 Quads=0
[2025-01-24 10:30:10] Fuseki     INFO  [49] 200 OK (230 ms)
[2025-01-24 10:30:10] Fuseki     INFO  [50] Body: Content-Length=25620, Content-Type=text/turtle, Charset=null => Turtle : Count=371 Triples=371 Quads=0
[2025-01-24 10:30:10] Fuseki     INFO  [50] 200 OK (257 ms)
[2025-01-24 10:30:10] Fuseki     INFO  [51] Body: Content-Length=41508, Content-Type=application/rdf+xml, Charset=null => RDF/XML : Count=373 Triples=373 Quads=0
[2025-01-24 10:30:10] Fuseki     INFO  [51] 200 OK (263 ms)
[2025-01-24 10:30:10] Fuseki     INFO  [52] Body: Content-Length=1771, Content-Type=application/rdf+xml, Charset=null => RDF/XML : Count=12 Triples=12 Quads=0
[2025-01-24 10:30:10] Fuseki     INFO  [52] 200 OK (254 ms)
[2025-01-24 10:30:10] Fuseki     INFO  [53] Body: Content-Length=19853, Content-Type=text/turtle, Charset=null => Turtle : Count=259 Triples=259 Quads=0
[2025-01-24 10:30:10] Fuseki     INFO  [53] 200 OK (265 ms)
[2025-01-24 10:30:10] Fuseki     INFO  [54] Body: Content-Length=7249, Content-Type=application/rdf+xml, Charset=null => RDF/XML : Count=50 Triples=50 Quads=0
[2025-01-24 10:30:10] Fuseki     INFO  [54] 200 OK (236 ms)
[2025-01-24 10:30:10] Fuseki     INFO  [55] Body: Content-Length=27589, Content-Type=application/rdf+xml, Charset=null => RDF/XML : Count=245 Triples=245 Quads=0
[2025-01-24 10:30:10] Fuseki     INFO  [55] 200 OK (273 ms)
[2025-01-24 10:30:10] Fuseki     INFO  [56] GET http://localhost:3030/tutorial2/sparql?query=PREFIX%20%20mission:%20%3Chttp://example.com/tutorial2/vocabulary/mission%23%3E%0APREFIX%20%20vim4:%20%3Chttp://bipm.org/jcgm/vim4%23%3E%0APREFIX%20%20base:%20%3Chttp://example.com/tutorial2/vocabulary/base%23%3E%0A%0ASELECT%20DISTINCT%20%20?c1_id%20?c1_name%20?c1_mass%20?c2_id%20?c2_name%0AWHERE%0A%20%20%7B%20?c1%20%20a%20%20%20%20%20%20%20%20%20%20%20%20%20%20%20%20%20%20%20%20%20mission:Component%20%3B%0A%20%20%20%20%20%20%20%20%20base:hasIdentifier%20%20%20%20?c1_id%20%3B%0A%20%20%20%20%20%20%20%20%20base:hasCanonicalName%20%20?c1_name%0A%20%20%20%20OPTIONAL%0A%20%20%20%20%20%20%7B%20?c1%20%20base:isContainedIn%20%20%20%20?c2%20.%0A%20%20%20%20%20%20%20%20?c2%20%20base:hasIdentifier%20%20%20%20?c2_id%20%3B%0A%20%20%20%20%20%20%20%20%20%20%20%20%20base:hasCanonicalName%20%20?c2_name%0A%20%20%20%20%20%20%7D%0A%20%20%20%20OPTIONAL%0A%20%20%20%20%20%20%7B%20?c1_mass_mag%20%20vim4:characterizes%20%20?c1%20%3B%0A%20%20%20%20%20%20%20%20%20%20%20%20%20%20%20%20%20%20vim4:hasDoubleNumber%20%20?c1_mass%0A%20%20%20%20%20%20%7D%0A%20%20%7D%0AORDER%20BY%20?c1_id%20?c2_id%0A
[2025-01-24 10:30:10] Fuseki     INFO  [56] Query = PREFIX  mission: <http://example.com/tutorial2/vocabulary/mission#> PREFIX  vim4: <http://bipm.org/jcgm/vim4#> PREFIX  base: <http://example.com/tutorial2/vocabulary/base#>  SELECT DISTINCT  ?c1_id ?c1_name ?c1_mass ?c2_id ?c2_name WHERE   { ?c1  a                     mission:Component ;          base:hasIdentifier    ?c1_id ;          base:hasCanonicalName  ?c1_name     OPTIONAL       { ?c1  base:isContainedIn    ?c2 .         ?c2  base:hasIdentifier    ?c2_id ;              base:hasCanonicalName  ?c2_name       }     OPTIONAL       { ?c1_mass_mag  vim4:characterizes  ?c1 ;                   vim4:hasDoubleNumber  ?c1_mass       }   } ORDER BY ?c1_id ?c2_id 
[2025-01-24 10:30:10] Fuseki     INFO  [56] 200 OK (25 ms)
[2025-01-24 10:30:10] Fuseki     INFO  [57] GET http://localhost:3030/tutorial2/sparql?query=PREFIX%20%20mission:%20%3Chttp://example.com/tutorial2/vocabulary/mission%23%3E%0APREFIX%20%20base:%20%3Chttp://example.com/tutorial2/vocabulary/base%23%3E%0A%0ASELECT%20DISTINCT%20%20?m_id%20?m_name%20?o_id%20?o_name%0AWHERE%0A%20%20%7B%20?m%20%20%20%20a%20%20%20%20%20%20%20%20%20%20%20%20%20%20%20%20%20%20%20%20%20mission:Mission%20%3B%0A%20%20%20%20%20%20%20%20%20%20base:hasIdentifier%20%20%20%20?m_id%20%3B%0A%20%20%20%20%20%20%20%20%20%20base:hasCanonicalName%20%20?m_name%20%3B%0A%20%20%20%20%20%20%20%20%20%20mission:pursues%20%20%20%20%20%20%20_:b0%20.%0A%20%20%20%20_:b0%20%20a%20%20%20%20%20%20%20%20%20%20%20%20%20%20%20%20%20%20%20%20%20mission:Objective%20%3B%0A%20%20%20%20%20%20%20%20%20%20base:hasIdentifier%20%20%20%20?o_id%20%3B%0A%20%20%20%20%20%20%20%20%20%20base:hasCanonicalName%20%20?o_name%0A%20%20%7D%0AORDER%20BY%20?m_id%20?o_id%0A
[2025-01-24 10:30:10] Fuseki     INFO  [57] Query = PREFIX  mission: <http://example.com/tutorial2/vocabulary/mission#> PREFIX  base: <http://example.com/tutorial2/vocabulary/base#>  SELECT DISTINCT  ?m_id ?m_name ?o_id ?o_name WHERE   { ?m    a                     mission:Mission ;           base:hasIdentifier    ?m_id ;           base:hasCanonicalName  ?m_name ;           mission:pursues       _:b0 .     _:b0  a                     mission:Objective ;           base:hasIdentifier    ?o_id ;           base:hasCanonicalName  ?o_name   } ORDER BY ?m_id ?o_id 
[2025-01-24 10:30:10] Fuseki     INFO  [58] GET http://localhost:3030/tutorial2/sparql?query=PREFIX%20%20mission:%20%3Chttp://example.com/tutorial2/vocabulary/mission%23%3E%0APREFIX%20%20rdfs:%20%3Chttp://www.w3.org/2000/01/rdf-schema%23%3E%0APREFIX%20%20base:%20%3Chttp://example.com/tutorial2/vocabulary/base%23%3E%0APREFIX%20%20oml:%20%20%3Chttp://opencaesar.io/oml%23%3E%0A%0ASELECT%20DISTINCT%20%20?r_id%20?c_name%20?i_name%0AWHERE%0A%20%20%7B%20?r%20%20%20%20a%20%20%20%20%20%20%20%20%20%20%20%20%20%20%20%20%20%20%20%20%20mission:Requirement%20%3B%0A%20%20%20%20%20%20%20%20%20%20base:hasIdentifier%20%20%20%20?r_id%20%3B%0A%20%20%20%20%20%20%20%20%20%20mission:specifies%20%20%20%20%20_:b0%20.%0A%20%20%20%20_:b0%20%20a%20%20%20%20%20%20%20%20%20%20%20%20%20%20%20%20%20%20%20%20%20mission:Presents%20%3B%0A%20%20%20%20%20%20%20%20%20%20oml:hasSource%20%20%20%20%20%20%20%20%20_:b1%20.%0A%20%20%20%20_:b1%20%20base:hasCanonicalName%20%20?c_name%20.%0A%20%20%20%20_:b0%20%20oml:hasTarget%20%20%20%20%20%20%20%20%20_:b2%20.%0A%20%20%20%20_:b2%20%20base:hasCanonicalName%20%20?i_name%0A%20%20%7D%0AORDER%20BY%20?r_id%20?c_name%20?i_name%0A
[2025-01-24 10:30:10] Fuseki     INFO  [58] Query = PREFIX  mission: <http://example.com/tutorial2/vocabulary/mission#> PREFIX  rdfs: <http://www.w3.org/2000/01/rdf-schema#> PREFIX  base: <http://example.com/tutorial2/vocabulary/base#> PREFIX  oml:  <http://opencaesar.io/oml#>  SELECT DISTINCT  ?r_id ?c_name ?i_name WHERE   { ?r    a                     mission:Requirement ;           base:hasIdentifier    ?r_id ;           mission:specifies     _:b0 .     _:b0  a                     mission:Presents ;           oml:hasSource         _:b1 .     _:b1  base:hasCanonicalName  ?c_name .     _:b0  oml:hasTarget         _:b2 .     _:b2  base:hasCanonicalName  ?i_name   } ORDER BY ?r_id ?c_name ?i_name 
[2025-01-24 10:30:10] Fuseki     INFO  [59] GET http://localhost:3030/tutorial2/sparql?query=PREFIX%20%20mission:%20%3Chttp://example.com/tutorial2/vocabulary/mission%23%3E%0APREFIX%20%20base:%20%3Chttp://example.com/tutorial2/vocabulary/base%23%3E%0A%0ASELECT%20DISTINCT%20%20?c1_name%20?c2_name%0AWHERE%0A%20%20%7B%20?c1%20%20%20a%20%20%20%20%20%20%20%20%20%20%20%20%20%20%20%20%20%20%20%20%20mission:Component%20%3B%0A%20%20%20%20%20%20%20%20%20%20base:hasCanonicalName%20%20?c1_name%20%3B%0A%20%20%20%20%20%20%20%20%20%20mission:connectsTo%20%20%20%20_:b0%20.%0A%20%20%20%20_:b0%20%20base:hasCanonicalName%20%20?c2_name%0A%20%20%7D%0AORDER%20BY%20?c1_name%20?c2_name%0A
[2025-01-24 10:30:10] Fuseki     INFO  [59] Query = PREFIX  mission: <http://example.com/tutorial2/vocabulary/mission#> PREFIX  base: <http://example.com/tutorial2/vocabulary/base#>  SELECT DISTINCT  ?c1_name ?c2_name WHERE   { ?c1   a                     mission:Component ;           base:hasCanonicalName  ?c1_name ;           mission:connectsTo    _:b0 .     _:b0  base:hasCanonicalName  ?c2_name   } ORDER BY ?c1_name ?c2_name 
[2025-01-24 10:30:10] Fuseki     INFO  [57] 200 OK (41 ms)
[2025-01-24 10:30:10] Fuseki     INFO  [59] 200 OK (13 ms)
[2025-01-24 10:30:10] Fuseki     INFO  [58] 200 OK (20 ms)
[2025-01-24 10:30:10] Fuseki     INFO  [60] GET http://localhost:3030/tutorial2/sparql?query=PREFIX%20%20mission:%20%3Chttp://example.com/tutorial2/vocabulary/mission%23%3E%0APREFIX%20%20base:%20%3Chttp://example.com/tutorial2/vocabulary/base%23%3E%0A%0ASELECT%20DISTINCT%20%20?o1_id%20?o1_name%20?o2_id%20?o2_name%0AWHERE%0A%20%20%7B%20?o1%20%20%20a%20%20%20%20%20%20%20%20%20%20%20%20%20%20%20%20%20%20%20%20%20mission:Objective%20%3B%0A%20%20%20%20%20%20%20%20%20%20base:hasIdentifier%20%20%20%20?o1_id%20%3B%0A%20%20%20%20%20%20%20%20%20%20base:hasCanonicalName%20%20?o1_name%20%3B%0A%20%20%20%20%20%20%20%20%20%20base:aggregates%20%20%20%20%20%20%20_:b0%20.%0A%20%20%20%20_:b0%20%20base:hasIdentifier%20%20%20%20?o2_id%20%3B%0A%20%20%20%20%20%20%20%20%20%20base:hasCanonicalName%20%20?o2_name%0A%20%20%7D%0AORDER%20BY%20?o1_id%20?o2_id%0A
[2025-01-24 10:30:10] Fuseki     INFO  [60] Query = PREFIX  mission: <http://example.com/tutorial2/vocabulary/mission#> PREFIX  base: <http://example.com/tutorial2/vocabulary/base#>  SELECT DISTINCT  ?o1_id ?o1_name ?o2_id ?o2_name WHERE   { ?o1   a                     mission:Objective ;           base:hasIdentifier    ?o1_id ;           base:hasCanonicalName  ?o1_name ;           base:aggregates       _:b0 .     _:b0  base:hasIdentifier    ?o2_id ;           base:hasCanonicalName  ?o2_name   } ORDER BY ?o1_id ?o2_id 
[2025-01-24 10:30:10] Fuseki     INFO  [60] 200 OK (13 ms)
